2019-10-10 11:08:31 - Creation of SecureRandom instance for session ID generation using [SHA1PRNG] took [152] milliseconds.
2019-10-10 11:08:32 - uri=/
2019-10-10 11:08:32 - index mapping null
2019-10-10 11:08:32 - uri=//static/themes/gray/easyui.css
2019-10-10 11:08:32 - uri=//static/demo.css
2019-10-10 11:08:32 - uri=//static/jquery.min.js
2019-10-10 11:08:32 - uri=//static/jquery.easyui.min.js
2019-10-10 11:08:32 - uri=//static/themes/icon.css
2019-10-10 11:08:33 - uri=//login
2019-10-10 11:08:33 - ==>  Preparing: select * from users where username=? 
2019-10-10 11:08:33 - ==> Parameters: admin(String)
2019-10-10 11:08:33 - <==      Total: 1
2019-10-10 11:08:33 - uri=//home.do
2019-10-10 11:08:33 - index mapping 'home.do'
2019-10-10 11:08:34 - uri=//static/themes/gray/easyui.css
2019-10-10 11:08:34 - uri=//static/css/public.css
2019-10-10 11:08:34 - uri=//static/themes/icon.css
2019-10-10 11:08:34 - uri=//static/jquery.min.js
2019-10-10 11:08:34 - uri=//static/jquery.easyui.min.js
2019-10-10 11:08:34 - uri=//home.js
2019-10-10 11:08:35 - uri=//static/themes/icons/filesave.png
2019-10-10 11:08:35 - uri=//static/themes/gray/images/blank.gif
2019-10-10 11:08:35 - uri=//static/themes/gray/images/loading.gif
2019-10-10 11:08:35 - uri=/
2019-10-10 11:08:35 - Request method 'POST' not supported
2019-10-10 11:08:35 - Resolved exception caused by Handler execution: org.springframework.web.HttpRequestMethodNotSupportedException: Request method 'POST' not supported
2019-10-10 11:09:24 - uri=//home.do
2019-10-10 11:09:24 - index mapping 'home.do'
2019-10-10 11:09:24 - uri=//static/themes/gray/easyui.css
2019-10-10 11:09:24 - uri=//static/themes/icon.css
2019-10-10 11:09:24 - uri=//static/jquery.min.js
2019-10-10 11:09:24 - uri=//static/jquery.easyui.min.js
2019-10-10 11:09:24 - uri=//home.js
2019-10-10 11:09:24 - uri=//static/css/public.css
2019-10-10 11:09:24 - uri=/favicon.ico
2019-10-10 11:09:28 - uri=//static/themes/gray/easyui.css
2019-10-10 11:09:28 - uri=//static/themes/icon.css
2019-10-10 11:09:28 - uri=//static/demo.css
2019-10-10 11:09:29 - uri=//login
2019-10-10 11:09:29 - ==>  Preparing: select * from users where username=? 
2019-10-10 11:09:29 - ==> Parameters: admin(String)
2019-10-10 11:09:29 - <==      Total: 1
2019-10-10 11:09:29 - uri=//home.do
2019-10-10 11:09:29 - index mapping 'home.do'
2019-10-10 11:09:29 - uri=//static/themes/gray/easyui.css
2019-10-10 11:09:29 - uri=//static/themes/icon.css
2019-10-10 11:09:29 - uri=//home.js
2019-10-10 11:09:29 - uri=//static/css/public.css
2019-10-10 11:09:29 - uri=//static/jquery.min.js
2019-10-10 11:09:29 - uri=//static/jquery.easyui.min.js
2019-10-10 11:21:01 - uri=//home.do
2019-10-10 11:21:01 - index mapping 'home.do'
2019-10-10 11:21:01 - uri=//static/themes/gray/easyui.css
2019-10-10 11:21:01 - uri=//static/themes/icon.css
2019-10-10 11:21:01 - uri=//static/jquery.min.js
2019-10-10 11:21:01 - uri=//static/jquery.easyui.min.js
2019-10-10 11:21:01 - uri=//static/css/public.css
2019-10-10 11:21:01 - uri=//home.js
2019-10-10 11:21:02 - uri=//static/themes/icons/filesave.png
2019-10-10 11:21:02 - uri=//static/themes/gray/images/blank.gif
2019-10-10 11:21:02 - uri=//static/themes/gray/images/loading.gif
2019-10-10 11:21:02 - uri=/
2019-10-10 11:21:02 - Request method 'POST' not supported
2019-10-10 11:21:02 - Resolved exception caused by Handler execution: org.springframework.web.HttpRequestMethodNotSupportedException: Request method 'POST' not supported
2019-10-10 11:21:02 - uri=/favicon.ico
2019-10-10 11:21:53 - uri=//home.do
2019-10-10 11:21:53 - index mapping 'home.do'
2019-10-10 11:21:53 - uri=//static/themes/gray/easyui.css
2019-10-10 11:21:53 - uri=//static/themes/icon.css
2019-10-10 11:21:53 - uri=//static/jquery.easyui.min.js
2019-10-10 11:21:53 - uri=//static/jquery.min.js
2019-10-10 11:21:53 - uri=//static/css/public.css
2019-10-10 11:21:53 - uri=//home.js
2019-10-10 11:21:54 - uri=//static/themes/icons/filesave.png
2019-10-10 11:21:54 - uri=//static/themes/gray/images/blank.gif
2019-10-10 11:21:54 - uri=//static/themes/gray/images/loading.gif
2019-10-10 11:21:54 - uri=/
2019-10-10 11:21:54 - Request method 'POST' not supported
2019-10-10 11:21:54 - Resolved exception caused by Handler execution: org.springframework.web.HttpRequestMethodNotSupportedException: Request method 'POST' not supported
2019-10-10 11:21:54 - uri=/favicon.ico
2019-10-10 11:22:21 - uri=//home.do
2019-10-10 11:22:21 - index mapping 'home.do'
2019-10-10 11:22:21 - uri=//static/themes/gray/easyui.css
2019-10-10 11:22:21 - uri=//static/themes/icon.css
2019-10-10 11:22:21 - uri=//static/jquery.min.js
2019-10-10 11:22:21 - uri=//static/jquery.easyui.min.js
2019-10-10 11:22:21 - uri=//home.js
2019-10-10 11:22:21 - uri=//static/css/public.css
2019-10-10 11:22:23 - uri=//static/themes/gray/images/blank.gif
2019-10-10 11:22:23 - uri=//static/themes/icons/filesave.png
2019-10-10 11:22:23 - uri=//static/themes/gray/images/loading.gif
2019-10-10 11:22:23 - uri=/
2019-10-10 11:22:23 - Request method 'POST' not supported
2019-10-10 11:22:23 - Resolved exception caused by Handler execution: org.springframework.web.HttpRequestMethodNotSupportedException: Request method 'POST' not supported
2019-10-10 11:22:23 - uri=/favicon.ico
2019-10-10 11:22:39 - uri=//home.do
2019-10-10 11:22:39 - index mapping 'home.do'
2019-10-10 11:22:39 - uri=//static/themes/gray/easyui.css
2019-10-10 11:22:39 - uri=//static/css/public.css
2019-10-10 11:22:39 - uri=//static/jquery.min.js
2019-10-10 11:22:39 - uri=//static/themes/icon.css
2019-10-10 11:22:39 - uri=//static/jquery.easyui.min.js
2019-10-10 11:22:39 - uri=//home.js
2019-10-10 11:22:41 - uri=/favicon.ico
2019-10-10 11:22:56 - uri=//home.do
2019-10-10 11:22:56 - index mapping 'home.do'
2019-10-10 11:22:56 - uri=//static/themes/gray/easyui.css
2019-10-10 11:22:56 - uri=//static/jquery.min.js
2019-10-10 11:22:56 - uri=//static/jquery.easyui.min.js
2019-10-10 11:22:56 - uri=//static/themes/icon.css
2019-10-10 11:22:56 - uri=//home.js
2019-10-10 11:22:56 - uri=//static/css/public.css
2019-10-10 11:22:58 - uri=/favicon.ico
2019-10-10 11:23:16 - uri=//home.do
2019-10-10 11:23:16 - index mapping 'home.do'
2019-10-10 11:23:16 - uri=//static/themes/gray/easyui.css
2019-10-10 11:23:16 - uri=//static/themes/icon.css
2019-10-10 11:23:16 - uri=//static/jquery.easyui.min.js
2019-10-10 11:23:16 - uri=//home.js
2019-10-10 11:23:16 - uri=//static/css/public.css
2019-10-10 11:23:16 - uri=//static/jquery.min.js
2019-10-10 11:23:18 - uri=//static/themes/icons/filesave.png
2019-10-10 11:23:18 - uri=//static/themes/gray/images/blank.gif
2019-10-10 11:23:18 - uri=//static/themes/gray/images/loading.gif
2019-10-10 11:23:18 - uri=/
2019-10-10 11:23:18 - Request method 'POST' not supported
2019-10-10 11:23:18 - Resolved exception caused by Handler execution: org.springframework.web.HttpRequestMethodNotSupportedException: Request method 'POST' not supported
2019-10-10 11:23:18 - uri=/favicon.ico
2019-10-10 11:23:28 - uri=//home.do
2019-10-10 11:23:28 - index mapping 'home.do'
2019-10-10 11:23:28 - uri=//static/themes/gray/easyui.css
2019-10-10 11:23:28 - uri=//static/themes/icon.css
2019-10-10 11:23:28 - uri=//static/jquery.easyui.min.js
2019-10-10 11:23:28 - uri=//static/jquery.min.js
2019-10-10 11:23:28 - uri=//home.js
2019-10-10 11:23:28 - uri=//static/css/public.css
2019-10-10 11:23:30 - uri=//static/themes/icons/filesave.png
2019-10-10 11:23:30 - uri=//static/themes/gray/images/blank.gif
2019-10-10 11:23:30 - uri=//static/themes/gray/images/loading.gif
2019-10-10 11:23:30 - uri=/
2019-10-10 11:23:30 - Request method 'POST' not supported
2019-10-10 11:23:30 - Resolved exception caused by Handler execution: org.springframework.web.HttpRequestMethodNotSupportedException: Request method 'POST' not supported
2019-10-10 11:23:30 - uri=/favicon.ico
2019-10-10 11:24:54 - uri=//home.do
2019-10-10 11:24:54 - index mapping 'home.do'
2019-10-10 11:24:54 - uri=//static/themes/gray/easyui.css
2019-10-10 11:24:54 - uri=//static/jquery.min.js
2019-10-10 11:24:54 - uri=//static/themes/icon.css
2019-10-10 11:24:54 - uri=//static/jquery.easyui.min.js
2019-10-10 11:24:54 - uri=//home.js
2019-10-10 11:24:54 - uri=//static/css/public.css
2019-10-10 11:24:54 - uri=//static/themes/gray/images/blank.gif
2019-10-10 11:24:54 - uri=//static/themes/icons/filesave.png
2019-10-10 11:24:54 - uri=//static/themes/gray/images/loading.gif
2019-10-10 11:24:54 - uri=/
2019-10-10 11:24:54 - Request method 'POST' not supported
2019-10-10 11:24:54 - Resolved exception caused by Handler execution: org.springframework.web.HttpRequestMethodNotSupportedException: Request method 'POST' not supported
2019-10-10 11:24:54 - uri=/favicon.ico
2019-10-10 11:25:14 - uri=//home.do
2019-10-10 11:25:14 - index mapping 'home.do'
2019-10-10 11:25:14 - uri=//static/themes/gray/easyui.css
2019-10-10 11:25:14 - uri=//static/themes/icon.css
2019-10-10 11:25:14 - uri=//static/css/public.css
2019-10-10 11:25:14 - uri=//static/jquery.min.js
2019-10-10 11:25:14 - uri=//static/jquery.easyui.min.js
2019-10-10 11:25:14 - uri=//home.js
2019-10-10 11:25:14 - uri=//static/themes/gray/images/blank.gif
2019-10-10 11:25:14 - uri=//static/themes/icons/filesave.png
2019-10-10 11:25:14 - uri=//static/themes/gray/images/loading.gif
2019-10-10 11:25:14 - uri=/
2019-10-10 11:25:14 - Request method 'POST' not supported
2019-10-10 11:25:14 - Resolved exception caused by Handler execution: org.springframework.web.HttpRequestMethodNotSupportedException: Request method 'POST' not supported
2019-10-10 11:25:14 - uri=/favicon.ico
2019-10-10 11:28:24 - uri=//home.do
2019-10-10 11:28:24 - index mapping 'home.do'
2019-10-10 11:28:24 - uri=//static/themes/gray/easyui.css
2019-10-10 11:28:24 - uri=//static/themes/icon.css
2019-10-10 11:28:24 - uri=//static/css/public.css
2019-10-10 11:28:24 - uri=//static/jquery.easyui.min.js
2019-10-10 11:28:24 - uri=//static/jquery.min.js
2019-10-10 11:28:24 - uri=//home.js
2019-10-10 11:28:24 - uri=//static/themes/gray/images/blank.gif
2019-10-10 11:28:24 - uri=//static/themes/gray/images/panel_tools.png
2019-10-10 11:28:24 - uri=//static/themes/gray/images/layout_arrows.png
2019-10-10 11:28:24 - uri=//static/themes/icons/filesave.png
2019-10-10 11:28:24 - uri=//static/themes/gray/images/loading.gif
2019-10-10 11:28:24 - uri=/
2019-10-10 11:28:24 - Request method 'POST' not supported
2019-10-10 11:28:24 - Resolved exception caused by Handler execution: org.springframework.web.HttpRequestMethodNotSupportedException: Request method 'POST' not supported
2019-10-10 11:28:24 - uri=/favicon.ico
2019-10-10 11:28:57 - uri=//static/themes/gray/images/panel_tools.png
2019-10-10 11:29:49 - uri=//home.do
2019-10-10 11:29:49 - index mapping 'home.do'
2019-10-10 11:29:49 - uri=//static/themes/gray/easyui.css
2019-10-10 11:29:49 - uri=//static/themes/icon.css
2019-10-10 11:29:49 - uri=//static/jquery.min.js
2019-10-10 11:29:49 - uri=//static/jquery.easyui.min.js
2019-10-10 11:29:49 - uri=//home.js
2019-10-10 11:29:49 - uri=//static/css/public.css
2019-10-10 11:29:49 - uri=//static/themes/gray/images/blank.gif
2019-10-10 11:29:49 - uri=//static/themes/gray/images/panel_tools.png
2019-10-10 11:29:49 - uri=//static/themes/gray/images/layout_arrows.png
2019-10-10 11:29:49 - uri=//static/themes/icons/filesave.png
2019-10-10 11:29:49 - uri=//static/themes/gray/images/loading.gif
2019-10-10 11:29:49 - uri=/
2019-10-10 11:29:49 - Request method 'POST' not supported
2019-10-10 11:29:49 - Resolved exception caused by Handler execution: org.springframework.web.HttpRequestMethodNotSupportedException: Request method 'POST' not supported
2019-10-10 11:29:49 - uri=/favicon.ico
2019-10-10 11:30:30 - uri=//home.do
2019-10-10 11:30:30 - index mapping 'home.do'
2019-10-10 11:30:30 - uri=//static/themes/gray/easyui.css
2019-10-10 11:30:30 - uri=//static/jquery.easyui.min.js
2019-10-10 11:30:30 - uri=//home.js
2019-10-10 11:30:30 - uri=//static/themes/icon.css
2019-10-10 11:30:30 - uri=//static/jquery.min.js
2019-10-10 11:30:30 - uri=//static/css/public.css
2019-10-10 11:30:30 - uri=//static/themes/gray/images/panel_tools.png
2019-10-10 11:30:30 - uri=//static/themes/gray/images/blank.gif
2019-10-10 11:30:30 - uri=//static/themes/gray/images/layout_arrows.png
2019-10-10 11:30:30 - uri=//static/themes/icons/filesave.png
2019-10-10 11:30:30 - uri=//static/themes/gray/images/loading.gif
2019-10-10 11:30:30 - uri=/
2019-10-10 11:30:30 - Request method 'POST' not supported
2019-10-10 11:30:30 - Resolved exception caused by Handler execution: org.springframework.web.HttpRequestMethodNotSupportedException: Request method 'POST' not supported
2019-10-10 11:30:30 - uri=/favicon.ico
2019-10-10 11:30:56 - uri=//home.do
2019-10-10 11:30:56 - index mapping 'home.do'
2019-10-10 11:30:56 - uri=//static/themes/gray/easyui.css
2019-10-10 11:30:56 - uri=//static/jquery.min.js
2019-10-10 11:30:56 - uri=//static/jquery.easyui.min.js
2019-10-10 11:30:56 - uri=//static/css/public.css
2019-10-10 11:30:56 - uri=//static/themes/icon.css
2019-10-10 11:30:56 - uri=//home.js
2019-10-10 11:30:56 - uri=//static/themes/gray/images/blank.gif
2019-10-10 11:30:56 - uri=//static/themes/gray/images/panel_tools.png
2019-10-10 11:30:56 - uri=//static/themes/gray/images/layout_arrows.png
2019-10-10 11:30:56 - uri=//static/themes/icons/filesave.png
2019-10-10 11:30:56 - uri=//static/themes/gray/images/loading.gif
2019-10-10 11:30:56 - uri=/
2019-10-10 11:30:56 - Request method 'POST' not supported
2019-10-10 11:30:56 - Resolved exception caused by Handler execution: org.springframework.web.HttpRequestMethodNotSupportedException: Request method 'POST' not supported
2019-10-10 11:30:56 - uri=/favicon.ico
2019-10-10 11:31:00 - uri=//static/themes/gray/images/layout_arrows.png
2019-10-10 11:31:00 - uri=//static/themes/gray/images/panel_tools.png
2019-10-10 11:31:13 - uri=//home.do
2019-10-10 11:31:13 - index mapping 'home.do'
2019-10-10 11:31:13 - uri=//static/themes/gray/easyui.css
2019-10-10 11:31:13 - uri=//static/jquery.min.js
2019-10-10 11:31:13 - uri=//home.js
2019-10-10 11:31:13 - uri=//static/jquery.easyui.min.js
2019-10-10 11:31:13 - uri=//static/themes/icon.css
2019-10-10 11:31:13 - uri=//static/css/public.css
2019-10-10 11:31:13 - uri=//static/themes/gray/images/blank.gif
2019-10-10 11:31:13 - uri=//static/themes/gray/images/panel_tools.png
2019-10-10 11:31:13 - uri=//static/themes/gray/images/layout_arrows.png
2019-10-10 11:31:13 - uri=//static/themes/icons/filesave.png
2019-10-10 11:31:13 - uri=//static/themes/gray/images/loading.gif
2019-10-10 11:31:13 - uri=/
2019-10-10 11:31:13 - Request method 'POST' not supported
2019-10-10 11:31:13 - Resolved exception caused by Handler execution: org.springframework.web.HttpRequestMethodNotSupportedException: Request method 'POST' not supported
2019-10-10 11:31:13 - uri=/favicon.ico
2019-10-10 11:31:45 - uri=//home.do
2019-10-10 11:31:45 - index mapping 'home.do'
2019-10-10 11:31:45 - uri=//static/themes/gray/easyui.css
2019-10-10 11:31:45 - uri=//static/themes/icon.css
2019-10-10 11:31:45 - uri=//static/jquery.min.js
2019-10-10 11:31:45 - uri=//static/jquery.easyui.min.js
2019-10-10 11:31:45 - uri=//home.js
2019-10-10 11:31:45 - uri=//static/css/public.css
2019-10-10 11:31:45 - uri=//static/themes/icons/filesave.png
2019-10-10 11:31:45 - uri=//static/themes/gray/images/blank.gif
2019-10-10 11:31:45 - uri=//static/themes/gray/images/loading.gif
2019-10-10 11:31:45 - uri=/
2019-10-10 11:31:45 - Request method 'POST' not supported
2019-10-10 11:31:45 - Resolved exception caused by Handler execution: org.springframework.web.HttpRequestMethodNotSupportedException: Request method 'POST' not supported
2019-10-10 11:31:45 - uri=/favicon.ico
2019-10-10 11:32:08 - uri=//home.do
2019-10-10 11:32:08 - index mapping 'home.do'
2019-10-10 11:32:08 - uri=//static/themes/gray/easyui.css
2019-10-10 11:32:08 - uri=//static/css/public.css
2019-10-10 11:32:08 - uri=//static/themes/icon.css
2019-10-10 11:32:08 - uri=//static/jquery.easyui.min.js
2019-10-10 11:32:08 - uri=//static/jquery.min.js
2019-10-10 11:32:08 - uri=//home.js
2019-10-10 11:32:08 - uri=//static/themes/gray/images/blank.gif
2019-10-10 11:32:08 - uri=//static/themes/icons/filesave.png
2019-10-10 11:32:08 - uri=//static/themes/gray/images/loading.gif
2019-10-10 11:32:08 - uri=/
2019-10-10 11:32:08 - Request method 'POST' not supported
2019-10-10 11:32:08 - Resolved exception caused by Handler execution: org.springframework.web.HttpRequestMethodNotSupportedException: Request method 'POST' not supported
2019-10-10 11:32:08 - uri=/favicon.ico
2019-10-10 11:32:26 - uri=//home.do
2019-10-10 11:32:26 - index mapping 'home.do'
2019-10-10 11:32:26 - uri=//static/themes/gray/easyui.css
2019-10-10 11:32:26 - uri=//static/css/public.css
2019-10-10 11:32:26 - uri=//static/jquery.min.js
2019-10-10 11:32:26 - uri=//home.js
2019-10-10 11:32:26 - uri=//static/themes/icon.css
2019-10-10 11:32:26 - uri=//static/jquery.easyui.min.js
2019-10-10 11:32:26 - uri=//static/themes/icons/filesave.png
2019-10-10 11:32:26 - uri=//static/themes/gray/images/blank.gif
2019-10-10 11:32:26 - uri=//static/themes/gray/images/loading.gif
2019-10-10 11:32:26 - uri=/
2019-10-10 11:32:26 - Request method 'POST' not supported
2019-10-10 11:32:26 - Resolved exception caused by Handler execution: org.springframework.web.HttpRequestMethodNotSupportedException: Request method 'POST' not supported
2019-10-10 11:32:26 - uri=/favicon.ico
2019-10-10 11:34:55 - uri=//home.do
2019-10-10 11:34:55 - index mapping 'home.do'
2019-10-10 11:34:55 - uri=//static/themes/gray/easyui.css
2019-10-10 11:34:55 - uri=//static/themes/icon.css
2019-10-10 11:34:55 - uri=//static/css/public.css
2019-10-10 11:34:55 - uri=//static/jquery.easyui.min.js
2019-10-10 11:34:55 - uri=//static/jquery.min.js
2019-10-10 11:34:55 - uri=//home.js
2019-10-10 11:34:55 - uri=//static/themes/gray/images/blank.gif
2019-10-10 11:34:55 - uri=//static/themes/icons/filesave.png
2019-10-10 11:34:55 - uri=//static/themes/gray/images/loading.gif
2019-10-10 11:34:55 - uri=/
2019-10-10 11:34:55 - Request method 'POST' not supported
2019-10-10 11:34:55 - Resolved exception caused by Handler execution: org.springframework.web.HttpRequestMethodNotSupportedException: Request method 'POST' not supported
2019-10-10 11:34:55 - uri=/favicon.ico
2019-10-10 11:35:00 - uri=/logout
2019-10-10 11:35:00 - logout
2019-10-10 11:35:00 - uri=//static/themes/gray/easyui.css
2019-10-10 11:35:00 - uri=//static/jquery.min.js
2019-10-10 11:35:00 - uri=//static/jquery.easyui.min.js
2019-10-10 11:35:00 - uri=//static/themes/icon.css
2019-10-10 11:35:00 - uri=//static/demo.css
2019-10-10 11:35:01 - uri=//login
2019-10-10 11:35:01 - ==>  Preparing: select * from users where username=? 
2019-10-10 11:35:01 - ==> Parameters: admin(String)
2019-10-10 11:35:01 - <==      Total: 1
2019-10-10 11:35:01 - uri=//home.do
2019-10-10 11:35:01 - index mapping 'home.do'
2019-10-10 11:35:01 - uri=//static/themes/gray/easyui.css
2019-10-10 11:35:01 - uri=//static/themes/icon.css
2019-10-10 11:35:01 - uri=//static/css/public.css
2019-10-10 11:35:01 - uri=//static/jquery.min.js
2019-10-10 11:35:01 - uri=//static/jquery.easyui.min.js
2019-10-10 11:35:01 - uri=//home.js
2019-10-10 11:35:01 - uri=//static/themes/icons/filesave.png
2019-10-10 11:35:01 - uri=//static/themes/gray/images/blank.gif
2019-10-10 11:35:01 - uri=//static/themes/gray/images/loading.gif
2019-10-10 11:35:01 - uri=/
2019-10-10 11:35:01 - Request method 'POST' not supported
2019-10-10 11:35:01 - Resolved exception caused by Handler execution: org.springframework.web.HttpRequestMethodNotSupportedException: Request method 'POST' not supported
